0 info it worked if it ends with ok
<<<<<<< HEAD
1 verbose cli [ '/usr/bin/nodejs', '/usr/bin/npm', 'start' ]
2 info using npm@3.5.2
3 info using node@v4.2.6
=======
1 verbose cli [ '/usr/bin/nodejs', '/home/abdullah/.node/bin/npm', 'start' ]
2 info using npm@3.8.6
3 info using node@v5.11.1
>>>>>>> e2537c2f097624c8bd347ccd9a0dc15c3e652541
4 verbose run-script [ 'prestart', 'start', 'poststart' ]
5 info lifecycle school@0.0.0~prestart: school@0.0.0
6 silly lifecycle school@0.0.0~prestart: no script for prestart, continuing
7 info lifecycle school@0.0.0~start: school@0.0.0
8 verbose lifecycle school@0.0.0~start: unsafe-perm in lifecycle true
<<<<<<< HEAD
9 verbose lifecycle school@0.0.0~start: PATH: /usr/share/npm/bin/node-gyp-bin:/home/farouk/program/school/node_modules/.bin:/usr/local/sbin:/usr/local/bin:/usr/sbin:/usr/bin:/sbin:/bin:/usr/games:/usr/local/games:/snap/bin
10 verbose lifecycle school@0.0.0~start: CWD: /home/farouk/program/school
11 silly lifecycle school@0.0.0~start: Args: [ '-c',
11 silly lifecycle   'eslint controller/ models/ views/ routes/  & node ./bin/www ' ]
12 info lifecycle school@0.0.0~start: Failed to exec start script
13 verbose stack Error: school@0.0.0 start: `eslint controller/ models/ views/ routes/  & node ./bin/www `
13 verbose stack spawn ENOENT
13 verbose stack     at ChildProcess.<anonymous> (/usr/share/npm/lib/utils/spawn.js:17:16)
13 verbose stack     at emitTwo (events.js:87:13)
13 verbose stack     at ChildProcess.emit (events.js:172:7)
13 verbose stack     at maybeClose (internal/child_process.js:821:16)
13 verbose stack     at Process.ChildProcess._handle.onexit (internal/child_process.js:211:5)
14 verbose pkgid school@0.0.0
15 verbose cwd /home/farouk/program/school
16 error Linux 4.4.0-21-generic
17 error argv "/usr/bin/nodejs" "/usr/bin/npm" "start"
18 error node v4.2.6
19 error npm  v3.5.2
20 error file sh
21 error code ELIFECYCLE
22 error errno ENOENT
23 error syscall spawn
24 error school@0.0.0 start: `eslint controller/ models/ views/ routes/  & node ./bin/www `
24 error spawn ENOENT
25 error Failed at the school@0.0.0 start script 'eslint controller/ models/ views/ routes/  & node ./bin/www '.
25 error Make sure you have the latest version of node.js and npm installed.
25 error If you do, this is most likely a problem with the school package,
25 error not with npm itself.
25 error Tell the author that this fails on your system:
25 error     eslint controller/ models/ views/ routes/  & node ./bin/www
25 error You can get information on how to open an issue for this project with:
25 error     npm bugs school
25 error Or if that isn't available, you can get their info via:
25 error     npm owner ls school
25 error There is likely additional logging output above.
26 verbose exit [ 1, true ]
=======
9 verbose lifecycle school@0.0.0~start: PATH: /home/abdullah/.node/lib/node_modules/npm/bin/node-gyp-bin:/home/abdullah/school/node_modules/.bin:/usr/bin:/home/abdullah/.node/bin:/usr/local/heroku/bin:/usr/local/sbin:/usr/local/bin:/usr/sbin:/usr/bin:/sbin:/bin:/usr/games:/usr/local/games:/usr/lib/jvm/java-7-oracle/bin:/usr/lib/jvm/java-7-oracle/db/bin:/usr/lib/jvm/java-7-oracle/jre/bin:/usr/local/Bluemix/bin:/usr/local/Bluemix/bin
10 verbose lifecycle school@0.0.0~start: CWD: /home/abdullah/school
11 silly lifecycle school@0.0.0~start: Args: [ '-c',
11 silly lifecycle   'eslint controller/ models/ views/ routes/  & node ./bin/www ' ]
12 silly lifecycle school@0.0.0~start: Returned: code: 1  signal: null
13 info lifecycle school@0.0.0~start: Failed to exec start script
14 verbose stack Error: school@0.0.0 start: `eslint controller/ models/ views/ routes/  & node ./bin/www `
14 verbose stack Exit status 1
14 verbose stack     at EventEmitter.<anonymous> (/home/abdullah/.node/lib/node_modules/npm/lib/utils/lifecycle.js:239:16)
14 verbose stack     at emitTwo (events.js:100:13)
14 verbose stack     at EventEmitter.emit (events.js:185:7)
14 verbose stack     at ChildProcess.<anonymous> (/home/abdullah/.node/lib/node_modules/npm/lib/utils/spawn.js:24:14)
14 verbose stack     at emitTwo (events.js:100:13)
14 verbose stack     at ChildProcess.emit (events.js:185:7)
14 verbose stack     at maybeClose (internal/child_process.js:850:16)
14 verbose stack     at Process.ChildProcess._handle.onexit (internal/child_process.js:215:5)
15 verbose pkgid school@0.0.0
16 verbose cwd /home/abdullah/school
17 error Linux 3.13.0-74-generic
18 error argv "/usr/bin/nodejs" "/home/abdullah/.node/bin/npm" "start"
19 error node v5.11.1
20 error npm  v3.8.6
21 error code ELIFECYCLE
22 error school@0.0.0 start: `eslint controller/ models/ views/ routes/  & node ./bin/www `
22 error Exit status 1
23 error Failed at the school@0.0.0 start script 'eslint controller/ models/ views/ routes/  & node ./bin/www '.
23 error Make sure you have the latest version of node.js and npm installed.
23 error If you do, this is most likely a problem with the school package,
23 error not with npm itself.
23 error Tell the author that this fails on your system:
23 error     eslint controller/ models/ views/ routes/  & node ./bin/www
23 error You can get information on how to open an issue for this project with:
23 error     npm bugs school
23 error Or if that isn't available, you can get their info via:
23 error     npm owner ls school
23 error There is likely additional logging output above.
24 verbose exit [ 1, true ]
>>>>>>> e2537c2f097624c8bd347ccd9a0dc15c3e652541
